<?xml version="1.0" encoding="UTF-8"?>
<testng-results skipped="0" failed="0" ignored="0" total="1" passed="1">
  <reporter-output>
  </reporter-output>
  <suite name="Suite" duration-ms="51557" started-at="2019-02-06T01:18:54Z" finished-at="2019-02-06T01:19:46Z">
    <groups>
    </groups>
    <test name="Test" duration-ms="51557" started-at="2019-02-06T01:18:54Z" finished-at="2019-02-06T01:19:46Z">
      <class name="TestCases.Hotelsearch">
        <test-method status="PASS" signature="CheapestHotel()[pri:0, instance:TestCases.Hotelsearch@77caeb3e]" name="CheapestHotel" duration-ms="51538" started-at="2019-02-05T20:18:54Z" finished-at="2019-02-05T20:19:46Z">
          <reporter-output>
          </reporter-output>
        </test-method> <!-- CheapestHotel -->
      </class> <!-- TestCases.Hotelsearch -->
    </test> <!-- Test -->
  </suite> <!-- Suite -->
</testng-results>
